<?xml version="1.0" encoding="UTF-8"?>
<testng-results ignored="0" total="1" passed="1" failed="0" skipped="0">
  <reporter-output>
  </reporter-output>
  <suite started-at="2024-01-15T10:32:25 GMT-05:00" name="Practice Suite" finished-at="2024-01-15T10:32:30 GMT-05:00" duration-ms="5525">
    <groups>
    </groups>
    <test started-at="2024-01-15T10:32:25 GMT-05:00" name="Test Basics 1" finished-at="2024-01-15T10:32:30 GMT-05:00" duration-ms="5525">
      <class name="com.web.automation.tests.CarbCalculatorFlow">
        <test-method signature="carbEstimationFlow()[pri:0, instance:com.web.automation.tests.CarbCalculatorFlow@30c15d8b]" started-at="2024-01-15T10:32:25 GMT-05:00" name="carbEstimationFlow" finished-at="2024-01-15T10:32:30 GMT-05:00" duration-ms="5478" status="PASS">
          <reporter-output>
          </reporter-output>
        </test-method> <!-- carbEstimationFlow -->
      </class> <!-- com.web.automation.tests.CarbCalculatorFlow -->
    </test> <!-- Test Basics 1 -->
  </suite> <!-- Practice Suite -->
</testng-results>
